0 info it worked if it ends with ok
1 verbose cli [ '/usr/bin/node', '/usr/bin/npm', 'version', '1.0.4' ]
2 info using npm@3.10.10
3 info using node@v6.14.3
4 info git [ 'status', '--porcelain' ]
5 verbose stack Error: Git working directory not clean.
5 verbose stack M build/index.js
5 verbose stack D dist/app/bundle.js
5 verbose stack D dist/app/bundle.js.map
5 verbose stack D dist/index.html
5 verbose stack D dist/variablemonitor.js
5 verbose stack     at /usr/lib/node_modules/npm/lib/version.js:247:19
5 verbose stack     at /usr/lib/node_modules/npm/lib/utils/no-progress-while-running.js:21:8
5 verbose stack     at ChildProcess.exithandler (child_process.js:190:7)
5 verbose stack     at emitTwo (events.js:106:13)
5 verbose stack     at ChildProcess.emit (events.js:191:7)
5 verbose stack     at maybeClose (internal/child_process.js:920:16)
5 verbose stack     at Socket.<anonymous> (internal/child_process.js:351:11)
5 verbose stack     at emitOne (events.js:96:13)
5 verbose stack     at Socket.emit (events.js:188:7)
5 verbose stack     at Pipe._handle.close [as _onclose] (net.js:509:12)
6 verbose cwd /var/www/html/SimuliJS
7 error Linux 4.4.0-128-generic
8 error argv "/usr/bin/node" "/usr/bin/npm" "version" "1.0.4"
9 error node v6.14.3
10 error npm  v3.10.10
11 error Git working directory not clean.
11 error M build/index.js
11 error D dist/app/bundle.js
11 error D dist/app/bundle.js.map
11 error D dist/index.html
11 error D dist/variablemonitor.js
12 error If you need help, you may report this error at:
12 error     <https://github.com/npm/npm/issues>
13 verbose exit [ 1, true ]
